# JRE version: Java(TM) SE Runtime Environment (17.0.13+10) (build 17.0.13+10-LTS-268)
# Java VM: Java HotSpot(TM) 64-Bit Server VM (17.0.13+10-LTS-268, mixed mode, sharing, tiered, compressed oops, compressed class ptrs, g1 gc, windows-amd64)
GC Precious Log:
 CPUs: 12 total, 12 available
 Memory: 15754M
 Large Page Support: Disabled
 NUMA Support: Disabled
 Compressed Oops: Enabled (Zero based)
 Heap Region Size: 2M
 Heap Min Capacity: 8M
 Heap Initial Capacity: 248M
 Heap Max Capacity: 3940M
 Pre-touch: Disabled
 Parallel Workers: 10
 Concurrent Workers: 3
 Concurrent Refinement Workers: 10
 Periodic GC: Disabled
Heap:
 garbage-first heap   total 81920K, used 50594K [0x0000000709c00000, 0x0000000800000000)
  region size 2048K, 8 young (16384K), 2 survivors (4096K)
 Metaspace       used 72267K, committed 72704K, reserved 1114112K
  class space    used 9607K, committed 9792K, reserved 1048576K
GC Heap History (20 events):
Event: 5.990 GC heap before
{Heap before GC invocations=8 (full 0):
 garbage-first heap   total 100352K, used 40960K [0x0000000709c00000, 0x0000000800000000)
  region size 2048K, 12 young (24576K), 1 survivors (2048K)
 Metaspace       used 35819K, committed 36096K, reserved 1114112K
  class space    used 4770K, committed 4928K, reserved 1048576K
}
Event: 5.998 GC heap after
{Heap after GC invocations=9 (full 0):
 garbage-first heap   total 100352K, used 21531K [0x0000000709c00000, 0x0000000800000000)
  region size 2048K, 2 young (4096K), 2 survivors (4096K)
 Metaspace       used 35819K, committed 36096K, reserved 1114112K
  class space    used 4770K, committed 4928K, reserved 1048576K
}
Event: 7.337 GC heap before
{Heap before GC invocations=10 (full 0):
 garbage-first heap   total 81920K, used 66587K [0x0000000709c00000, 0x0000000800000000)
  region size 2048K, 24 young (49152K), 2 survivors (4096K)
 Metaspace       used 45657K, committed 46016K, reserved 1114112K
  class space    used 6130K, committed 6272K, reserved 1048576K
}
Event: 7.345 GC heap after
{Heap after GC invocations=11 (full 0):
 garbage-first heap   total 81920K, used 24600K [0x0000000709c00000, 0x0000000800000000)
  region size 2048K, 3 young (6144K), 3 survivors (6144K)
 Metaspace       used 45657K, committed 46016K, reserved 1114112K
  class space    used 6130K, committed 6272K, reserved 1048576K
}
Event: 7.380 GC heap before
{Heap before GC invocations=11 (full 0):
 garbage-first heap   total 81920K, used 26648K [0x0000000709c00000, 0x0000000800000000)
  region size 2048K, 4 young (8192K), 3 survivors (6144K)
 Metaspace       used 46225K, committed 46592K, reserved 1114112K
  class space    used 6200K, committed 6400K, reserved 1048576K
}
Event: 7.389 GC heap after
{Heap after GC invocations=12 (full 0):
 garbage-first heap   total 81920K, used 24862K [0x0000000709c00000, 0x0000000800000000)
  region size 2048K, 1 young (2048K), 1 survivors (2048K)
 Metaspace       used 46225K, committed 46592K, reserved 1114112K
  class space    used 6200K, committed 6400K, reserved 1048576K
}
Event: 8.125 GC heap before
{Heap before GC invocations=12 (full 0):
 garbage-first heap   total 81920K, used 61726K [0x0000000709c00000, 0x0000000800000000)
  region size 2048K, 19 young (38912K), 1 survivors (2048K)
 Metaspace       used 51517K, committed 51904K, reserved 1114112K
  class space    used 6947K, committed 7168K, reserved 1048576K
}
Event: 8.128 GC heap after
{Heap after GC invocations=13 (full 0):
 garbage-first heap   total 81920K, used 26288K [0x0000000709c00000, 0x0000000800000000)
  region size 2048K, 2 young (4096K), 2 survivors (4096K)
 Metaspace       used 51517K, committed 51904K, reserved 1114112K
  class space    used 6947K, committed 7168K, reserved 1048576K
}
Event: 8.845 GC heap before
{Heap before GC invocations=13 (full 0):
 garbage-first heap   total 81920K, used 61104K [0x0000000709c00000, 0x0000000800000000)
  region size 2048K, 19 young (38912K), 2 survivors (4096K)
 Metaspace       used 54218K, committed 54656K, reserved 1114112K
  class space    used 7221K, committed 7424K, reserved 1048576K
}
Event: 8.849 GC heap after
{Heap after GC invocations=14 (full 0):
 garbage-first heap   total 81920K, used 28973K [0x0000000709c00000, 0x0000000800000000)
  region size 2048K, 3 young (6144K), 3 survivors (6144K)
 Metaspace       used 54218K, committed 54656K, reserved 1114112K
  class space    used 7221K, committed 7424K, reserved 1048576K
}
Event: 10.320 GC heap before
{Heap before GC invocations=14 (full 0):
 garbage-first heap   total 81920K, used 59693K [0x0000000709c00000, 0x0000000800000000)
  region size 2048K, 19 young (38912K), 3 survivors (6144K)
 Metaspace       used 60194K, committed 60608K, reserved 1114112K
  class space    used 7995K, committed 8192K, reserved 1048576K
}
Event: 10.332 GC heap after
{Heap after GC invocations=15 (full 0):
 garbage-first heap   total 81920K, used 32348K [0x0000000709c00000, 0x0000000800000000)
  region size 2048K, 3 young (6144K), 3 survivors (6144K)
 Metaspace       used 60194K, committed 60608K, reserved 1114112K
  class space    used 7995K, committed 8192K, reserved 1048576K
}
Event: 11.083 GC heap before
{Heap before GC invocations=16 (full 0):
 garbage-first heap   total 81920K, used 63068K [0x0000000709c00000, 0x0000000800000000)
  region size 2048K, 18 young (36864K), 3 survivors (6144K)
 Metaspace       used 64027K, committed 64512K, reserved 1114112K
  class space    used 8621K, committed 8832K, reserved 1048576K
}
Event: 11.090 GC heap after
{Heap after GC invocations=17 (full 0):
 garbage-first heap   total 81920K, used 35169K [0x0000000709c00000, 0x0000000800000000)
  region size 2048K, 2 young (4096K), 2 survivors (4096K)
 Metaspace       used 64027K, committed 64512K, reserved 1114112K
  class space    used 8621K, committed 8832K, reserved 1048576K
}
Event: 210.050 GC heap before
{Heap before GC invocations=17 (full 0):
 garbage-first heap   total 81920K, used 63841K [0x0000000709c00000, 0x0000000800000000)
  region size 2048K, 16 young (32768K), 2 survivors (4096K)
 Metaspace       used 66348K, committed 66752K, reserved 1114112K
  class space    used 8919K, committed 9088K, reserved 1048576K
}
Event: 210.055 GC heap after
{Heap after GC invocations=18 (full 0):
 garbage-first heap   total 81920K, used 36597K [0x0000000709c00000, 0x0000000800000000)
  region size 2048K, 1 young (2048K), 1 survivors (2048K)
 Metaspace       used 66348K, committed 66752K, reserved 1114112K
  class space    used 8919K, committed 9088K, reserved 1048576K
}
Event: 499.651 GC heap before
{Heap before GC invocations=18 (full 0):
 garbage-first heap   total 81920K, used 63221K [0x0000000709c00000, 0x0000000800000000)
  region size 2048K, 15 young (30720K), 1 survivors (2048K)
 Metaspace       used 71260K, committed 71744K, reserved 1114112K
  class space    used 9526K, committed 9728K, reserved 1048576K
}
Event: 499.655 GC heap after
{Heap after GC invocations=19 (full 0):
 garbage-first heap   total 81920K, used 37754K [0x0000000709c00000, 0x0000000800000000)
  region size 2048K, 2 young (4096K), 2 survivors (4096K)
 Metaspace       used 71260K, committed 71744K, reserved 1114112K
  class space    used 9526K, committed 9728K, reserved 1048576K
}
Event: 8860.215 GC heap before
{Heap before GC invocations=19 (full 0):
 garbage-first heap   total 81920K, used 64378K [0x0000000709c00000, 0x0000000800000000)
  region size 2048K, 16 young (32768K), 2 survivors (4096K)
 Metaspace       used 72222K, committed 72640K, reserved 1114112K
  class space    used 9607K, committed 9792K, reserved 1048576K
}
Event: 8860.325 GC heap after
{Heap after GC invocations=20 (full 0):
 garbage-first heap   total 81920K, used 40354K [0x0000000709c00000, 0x0000000800000000)
  region size 2048K, 2 young (4096K), 2 survivors (4096K)
 Metaspace       used 72222K, committed 72640K, reserved 1114112K
  class space    used 9607K, committed 9792K, reserved 1048576K
}

